2016/12/15 20:03:42,867 ERROR action:CouponList StackTrace:   在 System.Data.SqlClient.SqlConnection.OnError(SqlException exception, Boolean breakConnection, Action`1 wrapCloseInAction)
   在 System.Data.SqlClient.SqlInternalConnection.OnError(SqlException exception, Boolean breakConnection, Action`1 wrapCloseInAction)
   在 System.Data.SqlClient.TdsParser.ThrowExceptionAndWarning(TdsParserStateObject stateObj, Boolean callerHasConnectionLock, Boolean asyncClose)
   在 System.Data.SqlClient.TdsParser.TryRun(RunBehavior runBehavior, SqlCommand cmdHandler, SqlDataReader dataStream, BulkCopySimpleResultSet bulkCopyHandler, TdsParserStateObject stateObj, Boolean& dataReady)
   在 System.Data.SqlClient.SqlDataReader.TryConsumeMetaData()
   在 System.Data.SqlClient.SqlDataReader.get_MetaData()
   在 System.Data.SqlClient.SqlCommand.FinishExecuteReader(SqlDataReader ds, RunBehavior runBehavior, String resetOptionsString)
   在 System.Data.SqlClient.SqlCommand.RunExecuteReaderTds(CommandBehavior cmdBehavior, RunBehavior runBehavior, Boolean returnStream, Boolean async, Int32 timeout, Task& task, Boolean asyncWrite, SqlDataReader ds, Boolean describeParameterEncryptionRequest)
   在 System.Data.SqlClient.SqlCommand.RunExecuteReader(CommandBehavior cmdBehavior, RunBehavior runBehavior, Boolean returnStream, String method, TaskCompletionSource`1 completion, Int32 timeout, Task& task, Boolean asyncWrite)
   在 System.Data.SqlClient.SqlCommand.RunExecuteReader(CommandBehavior cmdBehavior, RunBehavior runBehavior, Boolean returnStream, String method)
   在 System.Data.SqlClient.SqlCommand.ExecuteReader(CommandBehavior behavior, String method)
   在 System.Data.SqlClient.SqlCommand.ExecuteReader(CommandBehavior behavior)
   在 HotCoreUtils.DB.DbHelperSQLP.ExecuteReader(String connectionString, CommandType cmdType, String cmdText, SqlParameter[] commandParameters)
   在 Logic.DAL.AbstractDAL.getPageData[T](Int32 PageSize, Int32 PageIndex, String strSql, String orderbyField, Action`1 callback, Boolean orderby) 位置 J:\HOT\CODE\youbang\Logic\DAL\AbstractDAL.cs:行号 230
   在 Logic.DAL.UserDAL.GetAppCashCouponList(SearchModel model) 位置 J:\HOT\CODE\youbang\Logic\DAL\UserDAL.cs:行号 169
   在 Logic.UserLogic.GetAppCashCouponList(SearchModel model) 位置 J:\HOT\CODE\youbang\Logic\UserLogic.cs:行号 305
   在 msite.handler.AjaxHandler.CouponList() 位置 J:\HOT\CODE\youbang\msite\handler\AjaxHandler.ashx.cs:行号 81
   在 msite.handler.AjaxHandler.DoRequest(HttpContext context) 位置 J:\HOT\CODE\youbang\msite\handler\AjaxHandler.ashx.cs:行号 58 Message:选择列表中的列 'CouponList.CreateTime' 无效，因为该列没有包含在聚合函数或 GROUP BY 子句中。
选择列表中的列 'CouponList.CreateTime' 无效，因为该列没有包含在聚合函数或 GROUP BY 子句中。
2016/12/15 20:04:24,391 ERROR action:CouponList StackTrace:   在 System.Data.SqlClient.SqlConnection.OnError(SqlException exception, Boolean breakConnection, Action`1 wrapCloseInAction)
   在 System.Data.SqlClient.SqlInternalConnection.OnError(SqlException exception, Boolean breakConnection, Action`1 wrapCloseInAction)
   在 System.Data.SqlClient.TdsParser.ThrowExceptionAndWarning(TdsParserStateObject stateObj, Boolean callerHasConnectionLock, Boolean asyncClose)
   在 System.Data.SqlClient.TdsParser.TryRun(RunBehavior runBehavior, SqlCommand cmdHandler, SqlDataReader dataStream, BulkCopySimpleResultSet bulkCopyHandler, TdsParserStateObject stateObj, Boolean& dataReady)
   在 System.Data.SqlClient.SqlDataReader.TryConsumeMetaData()
   在 System.Data.SqlClient.SqlDataReader.get_MetaData()
   在 System.Data.SqlClient.SqlCommand.FinishExecuteReader(SqlDataReader ds, RunBehavior runBehavior, String resetOptionsString)
   在 System.Data.SqlClient.SqlCommand.RunExecuteReaderTds(CommandBehavior cmdBehavior, RunBehavior runBehavior, Boolean returnStream, Boolean async, Int32 timeout, Task& task, Boolean asyncWrite, SqlDataReader ds, Boolean describeParameterEncryptionRequest)
   在 System.Data.SqlClient.SqlCommand.RunExecuteReader(CommandBehavior cmdBehavior, RunBehavior runBehavior, Boolean returnStream, String method, TaskCompletionSource`1 completion, Int32 timeout, Task& task, Boolean asyncWrite)
   在 System.Data.SqlClient.SqlCommand.RunExecuteReader(CommandBehavior cmdBehavior, RunBehavior runBehavior, Boolean returnStream, String method)
   在 System.Data.SqlClient.SqlCommand.ExecuteReader(CommandBehavior behavior, String method)
   在 System.Data.SqlClient.SqlCommand.ExecuteReader(CommandBehavior behavior)
   在 HotCoreUtils.DB.DbHelperSQLP.ExecuteReader(String connectionString, CommandType cmdType, String cmdText, SqlParameter[] commandParameters)
   在 Logic.DAL.AbstractDAL.getPageData[T](Int32 PageSize, Int32 PageIndex, String strSql, String orderbyField, Action`1 callback, Boolean orderby) 位置 J:\HOT\CODE\youbang\Logic\DAL\AbstractDAL.cs:行号 230
   在 Logic.DAL.UserDAL.GetAppCashCouponList(SearchModel model) 位置 J:\HOT\CODE\youbang\Logic\DAL\UserDAL.cs:行号 169
   在 Logic.UserLogic.GetAppCashCouponList(SearchModel model) 位置 J:\HOT\CODE\youbang\Logic\UserLogic.cs:行号 305
   在 msite.handler.AjaxHandler.CouponList() 位置 J:\HOT\CODE\youbang\msite\handler\AjaxHandler.ashx.cs:行号 81
   在 msite.handler.AjaxHandler.DoRequest(HttpContext context) 位置 J:\HOT\CODE\youbang\msite\handler\AjaxHandler.ashx.cs:行号 58 Message:选择列表中的列 'CouponList.CreateTime' 无效，因为该列没有包含在聚合函数或 GROUP BY 子句中。
选择列表中的列 'CouponList.CreateTime' 无效，因为该列没有包含在聚合函数或 GROUP BY 子句中。
2016/12/15 20:04:27,203 ERROR action:CouponList StackTrace:   在 System.Data.SqlClient.SqlConnection.OnError(SqlException exception, Boolean breakConnection, Action`1 wrapCloseInAction)
   在 System.Data.SqlClient.SqlInternalConnection.OnError(SqlException exception, Boolean breakConnection, Action`1 wrapCloseInAction)
   在 System.Data.SqlClient.TdsParser.ThrowExceptionAndWarning(TdsParserStateObject stateObj, Boolean callerHasConnectionLock, Boolean asyncClose)
   在 System.Data.SqlClient.TdsParser.TryRun(RunBehavior runBehavior, SqlCommand cmdHandler, SqlDataReader dataStream, BulkCopySimpleResultSet bulkCopyHandler, TdsParserStateObject stateObj, Boolean& dataReady)
   在 System.Data.SqlClient.SqlDataReader.TryConsumeMetaData()
   在 System.Data.SqlClient.SqlDataReader.get_MetaData()
   在 System.Data.SqlClient.SqlCommand.FinishExecuteReader(SqlDataReader ds, RunBehavior runBehavior, String resetOptionsString)
   在 System.Data.SqlClient.SqlCommand.RunExecuteReaderTds(CommandBehavior cmdBehavior, RunBehavior runBehavior, Boolean returnStream, Boolean async, Int32 timeout, Task& task, Boolean asyncWrite, SqlDataReader ds, Boolean describeParameterEncryptionRequest)
   在 System.Data.SqlClient.SqlCommand.RunExecuteReader(CommandBehavior cmdBehavior, RunBehavior runBehavior, Boolean returnStream, String method, TaskCompletionSource`1 completion, Int32 timeout, Task& task, Boolean asyncWrite)
   在 System.Data.SqlClient.SqlCommand.RunExecuteReader(CommandBehavior cmdBehavior, RunBehavior runBehavior, Boolean returnStream, String method)
   在 System.Data.SqlClient.SqlCommand.ExecuteReader(CommandBehavior behavior, String method)
   在 System.Data.SqlClient.SqlCommand.ExecuteReader(CommandBehavior behavior)
   在 HotCoreUtils.DB.DbHelperSQLP.ExecuteReader(String connectionString, CommandType cmdType, String cmdText, SqlParameter[] commandParameters)
   在 Logic.DAL.AbstractDAL.getPageData[T](Int32 PageSize, Int32 PageIndex, String strSql, String orderbyField, Action`1 callback, Boolean orderby) 位置 J:\HOT\CODE\youbang\Logic\DAL\AbstractDAL.cs:行号 230
   在 Logic.DAL.UserDAL.GetAppCashCouponList(SearchModel model) 位置 J:\HOT\CODE\youbang\Logic\DAL\UserDAL.cs:行号 169
   在 Logic.UserLogic.GetAppCashCouponList(SearchModel model) 位置 J:\HOT\CODE\youbang\Logic\UserLogic.cs:行号 305
   在 msite.handler.AjaxHandler.CouponList() 位置 J:\HOT\CODE\youbang\msite\handler\AjaxHandler.ashx.cs:行号 81
   在 msite.handler.AjaxHandler.DoRequest(HttpContext context) 位置 J:\HOT\CODE\youbang\msite\handler\AjaxHandler.ashx.cs:行号 58 Message:选择列表中的列 'CouponList.CreateTime' 无效，因为该列没有包含在聚合函数或 GROUP BY 子句中。
选择列表中的列 'CouponList.CreateTime' 无效，因为该列没有包含在聚合函数或 GROUP BY 子句中。
2016/12/15 20:04:52,645 ERROR action:CouponList StackTrace:   在 System.Data.SqlClient.SqlConnection.OnError(SqlException exception, Boolean breakConnection, Action`1 wrapCloseInAction)
   在 System.Data.SqlClient.SqlInternalConnection.OnError(SqlException exception, Boolean breakConnection, Action`1 wrapCloseInAction)
   在 System.Data.SqlClient.TdsParser.ThrowExceptionAndWarning(TdsParserStateObject stateObj, Boolean callerHasConnectionLock, Boolean asyncClose)
   在 System.Data.SqlClient.TdsParser.TryRun(RunBehavior runBehavior, SqlCommand cmdHandler, SqlDataReader dataStream, BulkCopySimpleResultSet bulkCopyHandler, TdsParserStateObject stateObj, Boolean& dataReady)
   在 System.Data.SqlClient.SqlDataReader.TryConsumeMetaData()
   在 System.Data.SqlClient.SqlDataReader.get_MetaData()
   在 System.Data.SqlClient.SqlCommand.FinishExecuteReader(SqlDataReader ds, RunBehavior runBehavior, String resetOptionsString)
   在 System.Data.SqlClient.SqlCommand.RunExecuteReaderTds(CommandBehavior cmdBehavior, RunBehavior runBehavior, Boolean returnStream, Boolean async, Int32 timeout, Task& task, Boolean asyncWrite, SqlDataReader ds, Boolean describeParameterEncryptionRequest)
   在 System.Data.SqlClient.SqlCommand.RunExecuteReader(CommandBehavior cmdBehavior, RunBehavior runBehavior, Boolean returnStream, String method, TaskCompletionSource`1 completion, Int32 timeout, Task& task, Boolean asyncWrite)
   在 System.Data.SqlClient.SqlCommand.RunExecuteReader(CommandBehavior cmdBehavior, RunBehavior runBehavior, Boolean returnStream, String method)
   在 System.Data.SqlClient.SqlCommand.ExecuteReader(CommandBehavior behavior, String method)
   在 System.Data.SqlClient.SqlCommand.ExecuteReader(CommandBehavior behavior)
   在 HotCoreUtils.DB.DbHelperSQLP.ExecuteReader(String connectionString, CommandType cmdType, String cmdText, SqlParameter[] commandParameters)
   在 Logic.DAL.AbstractDAL.getPageData[T](Int32 PageSize, Int32 PageIndex, String strSql, String orderbyField, Action`1 callback, Boolean orderby) 位置 J:\HOT\CODE\youbang\Logic\DAL\AbstractDAL.cs:行号 230
   在 Logic.DAL.UserDAL.GetAppCashCouponList(SearchModel model) 位置 J:\HOT\CODE\youbang\Logic\DAL\UserDAL.cs:行号 169
   在 Logic.UserLogic.GetAppCashCouponList(SearchModel model) 位置 J:\HOT\CODE\youbang\Logic\UserLogic.cs:行号 305
   在 msite.handler.AjaxHandler.CouponList() 位置 J:\HOT\CODE\youbang\msite\handler\AjaxHandler.ashx.cs:行号 81
   在 msite.handler.AjaxHandler.DoRequest(HttpContext context) 位置 J:\HOT\CODE\youbang\msite\handler\AjaxHandler.ashx.cs:行号 58 Message:选择列表中的列 'CouponList.CreateTime' 无效，因为该列没有包含在聚合函数或 GROUP BY 子句中。
选择列表中的列 'CouponList.CreateTime' 无效，因为该列没有包含在聚合函数或 GROUP BY 子句中。
2016/12/15 20:05:28,151 ERROR action:CouponList StackTrace:   在 System.Data.SqlClient.SqlConnection.OnError(SqlException exception, Boolean breakConnection, Action`1 wrapCloseInAction)
   在 System.Data.SqlClient.SqlInternalConnection.OnError(SqlException exception, Boolean breakConnection, Action`1 wrapCloseInAction)
   在 System.Data.SqlClient.TdsParser.ThrowExceptionAndWarning(TdsParserStateObject stateObj, Boolean callerHasConnectionLock, Boolean asyncClose)
   在 System.Data.SqlClient.TdsParser.TryRun(RunBehavior runBehavior, SqlCommand cmdHandler, SqlDataReader dataStream, BulkCopySimpleResultSet bulkCopyHandler, TdsParserStateObject stateObj, Boolean& dataReady)
   在 System.Data.SqlClient.SqlDataReader.TryConsumeMetaData()
   在 System.Data.SqlClient.SqlDataReader.get_MetaData()
   在 System.Data.SqlClient.SqlCommand.FinishExecuteReader(SqlDataReader ds, RunBehavior runBehavior, String resetOptionsString)
   在 System.Data.SqlClient.SqlCommand.RunExecuteReaderTds(CommandBehavior cmdBehavior, RunBehavior runBehavior, Boolean returnStream, Boolean async, Int32 timeout, Task& task, Boolean asyncWrite, SqlDataReader ds, Boolean describeParameterEncryptionRequest)
   在 System.Data.SqlClient.SqlCommand.RunExecuteReader(CommandBehavior cmdBehavior, RunBehavior runBehavior, Boolean returnStream, String method, TaskCompletionSource`1 completion, Int32 timeout, Task& task, Boolean asyncWrite)
   在 System.Data.SqlClient.SqlCommand.RunExecuteReader(CommandBehavior cmdBehavior, RunBehavior runBehavior, Boolean returnStream, String method)
   在 System.Data.SqlClient.SqlCommand.ExecuteReader(CommandBehavior behavior, String method)
   在 System.Data.SqlClient.SqlCommand.ExecuteReader(CommandBehavior behavior)
   在 HotCoreUtils.DB.DbHelperSQLP.ExecuteReader(String connectionString, CommandType cmdType, String cmdText, SqlParameter[] commandParameters)
   在 Logic.DAL.AbstractDAL.getPageData[T](Int32 PageSize, Int32 PageIndex, String strSql, String orderbyField, Action`1 callback, Boolean orderby) 位置 J:\HOT\CODE\youbang\Logic\DAL\AbstractDAL.cs:行号 230
   在 Logic.DAL.UserDAL.GetAppCashCouponList(SearchModel model) 位置 J:\HOT\CODE\youbang\Logic\DAL\UserDAL.cs:行号 169
   在 Logic.UserLogic.GetAppCashCouponList(SearchModel model) 位置 J:\HOT\CODE\youbang\Logic\UserLogic.cs:行号 305
   在 msite.handler.AjaxHandler.CouponList() 位置 J:\HOT\CODE\youbang\msite\handler\AjaxHandler.ashx.cs:行号 81
   在 msite.handler.AjaxHandler.DoRequest(HttpContext context) 位置 J:\HOT\CODE\youbang\msite\handler\AjaxHandler.ashx.cs:行号 58 Message:选择列表中的列 'CouponList.CreateTime' 无效，因为该列没有包含在聚合函数或 GROUP BY 子句中。
选择列表中的列 'CouponList.CreateTime' 无效，因为该列没有包含在聚合函数或 GROUP BY 子句中。
2016/12/15 20:05:33,65 ERROR action:CouponList StackTrace:   在 System.Data.SqlClient.SqlConnection.OnError(SqlException exception, Boolean breakConnection, Action`1 wrapCloseInAction)
   在 System.Data.SqlClient.SqlInternalConnection.OnError(SqlException exception, Boolean breakConnection, Action`1 wrapCloseInAction)
   在 System.Data.SqlClient.TdsParser.ThrowExceptionAndWarning(TdsParserStateObject stateObj, Boolean callerHasConnectionLock, Boolean asyncClose)
   在 System.Data.SqlClient.TdsParser.TryRun(RunBehavior runBehavior, SqlCommand cmdHandler, SqlDataReader dataStream, BulkCopySimpleResultSet bulkCopyHandler, TdsParserStateObject stateObj, Boolean& dataReady)
   在 System.Data.SqlClient.SqlDataReader.TryConsumeMetaData()
   在 System.Data.SqlClient.SqlDataReader.get_MetaData()
   在 System.Data.SqlClient.SqlCommand.FinishExecuteReader(SqlDataReader ds, RunBehavior runBehavior, String resetOptionsString)
   在 System.Data.SqlClient.SqlCommand.RunExecuteReaderTds(CommandBehavior cmdBehavior, RunBehavior runBehavior, Boolean returnStream, Boolean async, Int32 timeout, Task& task, Boolean asyncWrite, SqlDataReader ds, Boolean describeParameterEncryptionRequest)
   在 System.Data.SqlClient.SqlCommand.RunExecuteReader(CommandBehavior cmdBehavior, RunBehavior runBehavior, Boolean returnStream, String method, TaskCompletionSource`1 completion, Int32 timeout, Task& task, Boolean asyncWrite)
   在 System.Data.SqlClient.SqlCommand.RunExecuteReader(CommandBehavior cmdBehavior, RunBehavior runBehavior, Boolean returnStream, String method)
   在 System.Data.SqlClient.SqlCommand.ExecuteReader(CommandBehavior behavior, String method)
   在 System.Data.SqlClient.SqlCommand.ExecuteReader(CommandBehavior behavior)
   在 HotCoreUtils.DB.DbHelperSQLP.ExecuteReader(String connectionString, CommandType cmdType, String cmdText, SqlParameter[] commandParameters)
   在 Logic.DAL.AbstractDAL.getPageData[T](Int32 PageSize, Int32 PageIndex, String strSql, String orderbyField, Action`1 callback, Boolean orderby) 位置 J:\HOT\CODE\youbang\Logic\DAL\AbstractDAL.cs:行号 230
   在 Logic.DAL.UserDAL.GetAppCashCouponList(SearchModel model) 位置 J:\HOT\CODE\youbang\Logic\DAL\UserDAL.cs:行号 169
   在 Logic.UserLogic.GetAppCashCouponList(SearchModel model) 位置 J:\HOT\CODE\youbang\Logic\UserLogic.cs:行号 305
   在 msite.handler.AjaxHandler.CouponList() 位置 J:\HOT\CODE\youbang\msite\handler\AjaxHandler.ashx.cs:行号 81
   在 msite.handler.AjaxHandler.DoRequest(HttpContext context) 位置 J:\HOT\CODE\youbang\msite\handler\AjaxHandler.ashx.cs:行号 58 Message:选择列表中的列 'CouponList.CreateTime' 无效，因为该列没有包含在聚合函数或 GROUP BY 子句中。
选择列表中的列 'CouponList.CreateTime' 无效，因为该列没有包含在聚合函数或 GROUP BY 子句中。
2016/12/15 20:06:29,187 ERROR action:CouponList StackTrace:   在 System.Data.SqlClient.SqlConnection.OnError(SqlException exception, Boolean breakConnection, Action`1 wrapCloseInAction)
   在 System.Data.SqlClient.SqlInternalConnection.OnError(SqlException exception, Boolean breakConnection, Action`1 wrapCloseInAction)
   在 System.Data.SqlClient.TdsParser.ThrowExceptionAndWarning(TdsParserStateObject stateObj, Boolean callerHasConnectionLock, Boolean asyncClose)
   在 System.Data.SqlClient.TdsParser.TryRun(RunBehavior runBehavior, SqlCommand cmdHandler, SqlDataReader dataStream, BulkCopySimpleResultSet bulkCopyHandler, TdsParserStateObject stateObj, Boolean& dataReady)
   在 System.Data.SqlClient.SqlDataReader.TryConsumeMetaData()
   在 System.Data.SqlClient.SqlDataReader.get_MetaData()
   在 System.Data.SqlClient.SqlCommand.FinishExecuteReader(SqlDataReader ds, RunBehavior runBehavior, String resetOptionsString)
   在 System.Data.SqlClient.SqlCommand.RunExecuteReaderTds(CommandBehavior cmdBehavior, RunBehavior runBehavior, Boolean returnStream, Boolean async, Int32 timeout, Task& task, Boolean asyncWrite, SqlDataReader ds, Boolean describeParameterEncryptionRequest)
   在 System.Data.SqlClient.SqlCommand.RunExecuteReader(CommandBehavior cmdBehavior, RunBehavior runBehavior, Boolean returnStream, String method, TaskCompletionSource`1 completion, Int32 timeout, Task& task, Boolean asyncWrite)
   在 System.Data.SqlClient.SqlCommand.RunExecuteReader(CommandBehavior cmdBehavior, RunBehavior runBehavior, Boolean returnStream, String method)
   在 System.Data.SqlClient.SqlCommand.ExecuteReader(CommandBehavior behavior, String method)
   在 System.Data.SqlClient.SqlCommand.ExecuteReader(CommandBehavior behavior)
   在 HotCoreUtils.DB.DbHelperSQLP.ExecuteReader(String connectionString, CommandType cmdType, String cmdText, SqlParameter[] commandParameters)
   在 Logic.DAL.AbstractDAL.getPageData[T](Int32 PageSize, Int32 PageIndex, String strSql, String orderbyField, Action`1 callback, Boolean orderby) 位置 J:\HOT\CODE\youbang\Logic\DAL\AbstractDAL.cs:行号 230
   在 Logic.DAL.UserDAL.GetAppCashCouponList(SearchModel model) 位置 J:\HOT\CODE\youbang\Logic\DAL\UserDAL.cs:行号 169
   在 Logic.UserLogic.GetAppCashCouponList(SearchModel model) 位置 J:\HOT\CODE\youbang\Logic\UserLogic.cs:行号 305
   在 msite.handler.AjaxHandler.CouponList() 位置 J:\HOT\CODE\youbang\msite\handler\AjaxHandler.ashx.cs:行号 81
   在 msite.handler.AjaxHandler.DoRequest(HttpContext context) 位置 J:\HOT\CODE\youbang\msite\handler\AjaxHandler.ashx.cs:行号 58 Message:选择列表中的列 'CouponList.CreateTime' 无效，因为该列没有包含在聚合函数或 GROUP BY 子句中。
选择列表中的列 'CouponList.CreateTime' 无效，因为该列没有包含在聚合函数或 GROUP BY 子句中。
2016/12/15 20:06:37,52 ERROR action:CouponList StackTrace:   在 System.Data.SqlClient.SqlConnection.OnError(SqlException exception, Boolean breakConnection, Action`1 wrapCloseInAction)
   在 System.Data.SqlClient.SqlInternalConnection.OnError(SqlException exception, Boolean breakConnection, Action`1 wrapCloseInAction)
   在 System.Data.SqlClient.TdsParser.ThrowExceptionAndWarning(TdsParserStateObject stateObj, Boolean callerHasConnectionLock, Boolean asyncClose)
   在 System.Data.SqlClient.TdsParser.TryRun(RunBehavior runBehavior, SqlCommand cmdHandler, SqlDataReader dataStream, BulkCopySimpleResultSet bulkCopyHandler, TdsParserStateObject stateObj, Boolean& dataReady)
   在 System.Data.SqlClient.SqlDataReader.TryConsumeMetaData()
   在 System.Data.SqlClient.SqlDataReader.get_MetaData()
   在 System.Data.SqlClient.SqlCommand.FinishExecuteReader(SqlDataReader ds, RunBehavior runBehavior, String resetOptionsString)
   在 System.Data.SqlClient.SqlCommand.RunExecuteReaderTds(CommandBehavior cmdBehavior, RunBehavior runBehavior, Boolean returnStream, Boolean async, Int32 timeout, Task& task, Boolean asyncWrite, SqlDataReader ds, Boolean describeParameterEncryptionRequest)
   在 System.Data.SqlClient.SqlCommand.RunExecuteReader(CommandBehavior cmdBehavior, RunBehavior runBehavior, Boolean returnStream, String method, TaskCompletionSource`1 completion, Int32 timeout, Task& task, Boolean asyncWrite)
   在 System.Data.SqlClient.SqlCommand.RunExecuteReader(CommandBehavior cmdBehavior, RunBehavior runBehavior, Boolean returnStream, String method)
   在 System.Data.SqlClient.SqlCommand.ExecuteReader(CommandBehavior behavior, String method)
   在 System.Data.SqlClient.SqlCommand.ExecuteReader(CommandBehavior behavior)
   在 HotCoreUtils.DB.DbHelperSQLP.ExecuteReader(String connectionString, CommandType cmdType, String cmdText, SqlParameter[] commandParameters)
   在 Logic.DAL.AbstractDAL.getPageData[T](Int32 PageSize, Int32 PageIndex, String strSql, String orderbyField, Action`1 callback, Boolean orderby) 位置 J:\HOT\CODE\youbang\Logic\DAL\AbstractDAL.cs:行号 230
   在 Logic.DAL.UserDAL.GetAppCashCouponList(SearchModel model) 位置 J:\HOT\CODE\youbang\Logic\DAL\UserDAL.cs:行号 169
   在 Logic.UserLogic.GetAppCashCouponList(SearchModel model) 位置 J:\HOT\CODE\youbang\Logic\UserLogic.cs:行号 305
   在 msite.handler.AjaxHandler.CouponList() 位置 J:\HOT\CODE\youbang\msite\handler\AjaxHandler.ashx.cs:行号 81
   在 msite.handler.AjaxHandler.DoRequest(HttpContext context) 位置 J:\HOT\CODE\youbang\msite\handler\AjaxHandler.ashx.cs:行号 58 Message:选择列表中的列 'CouponList.CreateTime' 无效，因为该列没有包含在聚合函数或 GROUP BY 子句中。
选择列表中的列 'CouponList.CreateTime' 无效，因为该列没有包含在聚合函数或 GROUP BY 子句中。
2016/12/15 20:06:59,685 ERROR action:CouponList StackTrace:   在 System.Data.SqlClient.SqlConnection.OnError(SqlException exception, Boolean breakConnection, Action`1 wrapCloseInAction)
   在 System.Data.SqlClient.SqlInternalConnection.OnError(SqlException exception, Boolean breakConnection, Action`1 wrapCloseInAction)
   在 System.Data.SqlClient.TdsParser.ThrowExceptionAndWarning(TdsParserStateObject stateObj, Boolean callerHasConnectionLock, Boolean asyncClose)
   在 System.Data.SqlClient.TdsParser.TryRun(RunBehavior runBehavior, SqlCommand cmdHandler, SqlDataReader dataStream, BulkCopySimpleResultSet bulkCopyHandler, TdsParserStateObject stateObj, Boolean& dataReady)
   在 System.Data.SqlClient.SqlDataReader.TryConsumeMetaData()
   在 System.Data.SqlClient.SqlDataReader.get_MetaData()
   在 System.Data.SqlClient.SqlCommand.FinishExecuteReader(SqlDataReader ds, RunBehavior runBehavior, String resetOptionsString)
   在 System.Data.SqlClient.SqlCommand.RunExecuteReaderTds(CommandBehavior cmdBehavior, RunBehavior runBehavior, Boolean returnStream, Boolean async, Int32 timeout, Task& task, Boolean asyncWrite, SqlDataReader ds, Boolean describeParameterEncryptionRequest)
   在 System.Data.SqlClient.SqlCommand.RunExecuteReader(CommandBehavior cmdBehavior, RunBehavior runBehavior, Boolean returnStream, String method, TaskCompletionSource`1 completion, Int32 timeout, Task& task, Boolean asyncWrite)
   在 System.Data.SqlClient.SqlCommand.RunExecuteReader(CommandBehavior cmdBehavior, RunBehavior runBehavior, Boolean returnStream, String method)
   在 System.Data.SqlClient.SqlCommand.ExecuteReader(CommandBehavior behavior, String method)
   在 System.Data.SqlClient.SqlCommand.ExecuteReader(CommandBehavior behavior)
   在 HotCoreUtils.DB.DbHelperSQLP.ExecuteReader(String connectionString, CommandType cmdType, String cmdText, SqlParameter[] commandParameters)
   在 Logic.DAL.AbstractDAL.getPageData[T](Int32 PageSize, Int32 PageIndex, String strSql, String orderbyField, Action`1 callback, Boolean orderby) 位置 J:\HOT\CODE\youbang\Logic\DAL\AbstractDAL.cs:行号 230
   在 Logic.DAL.UserDAL.GetAppCashCouponList(SearchModel model) 位置 J:\HOT\CODE\youbang\Logic\DAL\UserDAL.cs:行号 169
   在 Logic.UserLogic.GetAppCashCouponList(SearchModel model) 位置 J:\HOT\CODE\youbang\Logic\UserLogic.cs:行号 305
   在 msite.handler.AjaxHandler.CouponList() 位置 J:\HOT\CODE\youbang\msite\handler\AjaxHandler.ashx.cs:行号 81
   在 msite.handler.AjaxHandler.DoRequest(HttpContext context) 位置 J:\HOT\CODE\youbang\msite\handler\AjaxHandler.ashx.cs:行号 58 Message:选择列表中的列 'CouponList.CreateTime' 无效，因为该列没有包含在聚合函数或 GROUP BY 子句中。
选择列表中的列 'CouponList.CreateTime' 无效，因为该列没有包含在聚合函数或 GROUP BY 子句中。
2016/12/15 20:07:14,307 ERROR action:CouponList StackTrace:   在 System.Data.SqlClient.SqlConnection.OnError(SqlException exception, Boolean breakConnection, Action`1 wrapCloseInAction)
   在 System.Data.SqlClient.SqlInternalConnection.OnError(SqlException exception, Boolean breakConnection, Action`1 wrapCloseInAction)
   在 System.Data.SqlClient.TdsParser.ThrowExceptionAndWarning(TdsParserStateObject stateObj, Boolean callerHasConnectionLock, Boolean asyncClose)
   在 System.Data.SqlClient.TdsParser.TryRun(RunBehavior runBehavior, SqlCommand cmdHandler, SqlDataReader dataStream, BulkCopySimpleResultSet bulkCopyHandler, TdsParserStateObject stateObj, Boolean& dataReady)
   在 System.Data.SqlClient.SqlDataReader.TryConsumeMetaData()
   在 System.Data.SqlClient.SqlDataReader.get_MetaData()
   在 System.Data.SqlClient.SqlCommand.FinishExecuteReader(SqlDataReader ds, RunBehavior runBehavior, String resetOptionsString)
   在 System.Data.SqlClient.SqlCommand.RunExecuteReaderTds(CommandBehavior cmdBehavior, RunBehavior runBehavior, Boolean returnStream, Boolean async, Int32 timeout, Task& task, Boolean asyncWrite, SqlDataReader ds, Boolean describeParameterEncryptionRequest)
   在 System.Data.SqlClient.SqlCommand.RunExecuteReader(CommandBehavior cmdBehavior, RunBehavior runBehavior, Boolean returnStream, String method, TaskCompletionSource`1 completion, Int32 timeout, Task& task, Boolean asyncWrite)
   在 System.Data.SqlClient.SqlCommand.RunExecuteReader(CommandBehavior cmdBehavior, RunBehavior runBehavior, Boolean returnStream, String method)
   在 System.Data.SqlClient.SqlCommand.ExecuteReader(CommandBehavior behavior, String method)
   在 System.Data.SqlClient.SqlCommand.ExecuteReader(CommandBehavior behavior)
   在 HotCoreUtils.DB.DbHelperSQLP.ExecuteReader(String connectionString, CommandType cmdType, String cmdText, SqlParameter[] commandParameters)
   在 Logic.DAL.AbstractDAL.getPageData[T](Int32 PageSize, Int32 PageIndex, String strSql, String orderbyField, Action`1 callback, Boolean orderby) 位置 J:\HOT\CODE\youbang\Logic\DAL\AbstractDAL.cs:行号 230
   在 Logic.DAL.UserDAL.GetAppCashCouponList(SearchModel model) 位置 J:\HOT\CODE\youbang\Logic\DAL\UserDAL.cs:行号 169
   在 Logic.UserLogic.GetAppCashCouponList(SearchModel model) 位置 J:\HOT\CODE\youbang\Logic\UserLogic.cs:行号 305
   在 msite.handler.AjaxHandler.CouponList() 位置 J:\HOT\CODE\youbang\msite\handler\AjaxHandler.ashx.cs:行号 81
   在 msite.handler.AjaxHandler.DoRequest(HttpContext context) 位置 J:\HOT\CODE\youbang\msite\handler\AjaxHandler.ashx.cs:行号 58 Message:选择列表中的列 'CouponList.CreateTime' 无效，因为该列没有包含在聚合函数或 GROUP BY 子句中。
选择列表中的列 'CouponList.CreateTime' 无效，因为该列没有包含在聚合函数或 GROUP BY 子句中。
2016/12/15 20:08:22,656 ERROR action:CouponList StackTrace:   在 System.Data.SqlClient.SqlConnection.OnError(SqlException exception, Boolean breakConnection, Action`1 wrapCloseInAction)
   在 System.Data.SqlClient.SqlInternalConnection.OnError(SqlException exception, Boolean breakConnection, Action`1 wrapCloseInAction)
   在 System.Data.SqlClient.TdsParser.ThrowExceptionAndWarning(TdsParserStateObject stateObj, Boolean callerHasConnectionLock, Boolean asyncClose)
   在 System.Data.SqlClient.TdsParser.TryRun(RunBehavior runBehavior, SqlCommand cmdHandler, SqlDataReader dataStream, BulkCopySimpleResultSet bulkCopyHandler, TdsParserStateObject stateObj, Boolean& dataReady)
   在 System.Data.SqlClient.SqlDataReader.TryConsumeMetaData()
   在 System.Data.SqlClient.SqlDataReader.get_MetaData()
   在 System.Data.SqlClient.SqlCommand.FinishExecuteReader(SqlDataReader ds, RunBehavior runBehavior, String resetOptionsString)
   在 System.Data.SqlClient.SqlCommand.RunExecuteReaderTds(CommandBehavior cmdBehavior, RunBehavior runBehavior, Boolean returnStream, Boolean async, Int32 timeout, Task& task, Boolean asyncWrite, SqlDataReader ds, Boolean describeParameterEncryptionRequest)
   在 System.Data.SqlClient.SqlCommand.RunExecuteReader(CommandBehavior cmdBehavior, RunBehavior runBehavior, Boolean returnStream, String method, TaskCompletionSource`1 completion, Int32 timeout, Task& task, Boolean asyncWrite)
   在 System.Data.SqlClient.SqlCommand.RunExecuteReader(CommandBehavior cmdBehavior, RunBehavior runBehavior, Boolean returnStream, String method)
   在 System.Data.SqlClient.SqlCommand.ExecuteReader(CommandBehavior behavior, String method)
   在 System.Data.SqlClient.SqlCommand.ExecuteReader(CommandBehavior behavior)
   在 HotCoreUtils.DB.DbHelperSQLP.ExecuteReader(String connectionString, CommandType cmdType, String cmdText, SqlParameter[] commandParameters)
   在 Logic.DAL.AbstractDAL.getPageData[T](Int32 PageSize, Int32 PageIndex, String strSql, String orderbyField, Action`1 callback, Boolean orderby) 位置 J:\HOT\CODE\youbang\Logic\DAL\AbstractDAL.cs:行号 230
   在 Logic.DAL.UserDAL.GetAppCashCouponList(SearchModel model) 位置 J:\HOT\CODE\youbang\Logic\DAL\UserDAL.cs:行号 169
   在 Logic.UserLogic.GetAppCashCouponList(SearchModel model) 位置 J:\HOT\CODE\youbang\Logic\UserLogic.cs:行号 305
   在 msite.handler.AjaxHandler.CouponList() 位置 J:\HOT\CODE\youbang\msite\handler\AjaxHandler.ashx.cs:行号 81
   在 msite.handler.AjaxHandler.DoRequest(HttpContext context) 位置 J:\HOT\CODE\youbang\msite\handler\AjaxHandler.ashx.cs:行号 58 Message:选择列表中的列 'CouponList.CreateTime' 无效，因为该列没有包含在聚合函数或 GROUP BY 子句中。
选择列表中的列 'CouponList.CreateTime' 无效，因为该列没有包含在聚合函数或 GROUP BY 子句中。
2016/12/15 20:08:58,872 ERROR action:CouponList StackTrace:   在 System.Data.SqlClient.SqlConnection.OnError(SqlException exception, Boolean breakConnection, Action`1 wrapCloseInAction)
   在 System.Data.SqlClient.SqlInternalConnection.OnError(SqlException exception, Boolean breakConnection, Action`1 wrapCloseInAction)
   在 System.Data.SqlClient.TdsParser.ThrowExceptionAndWarning(TdsParserStateObject stateObj, Boolean callerHasConnectionLock, Boolean asyncClose)
   在 System.Data.SqlClient.TdsParser.TryRun(RunBehavior runBehavior, SqlCommand cmdHandler, SqlDataReader dataStream, BulkCopySimpleResultSet bulkCopyHandler, TdsParserStateObject stateObj, Boolean& dataReady)
   在 System.Data.SqlClient.SqlDataReader.TryConsumeMetaData()
   在 System.Data.SqlClient.SqlDataReader.get_MetaData()
   在 System.Data.SqlClient.SqlCommand.FinishExecuteReader(SqlDataReader ds, RunBehavior runBehavior, String resetOptionsString)
   在 System.Data.SqlClient.SqlCommand.RunExecuteReaderTds(CommandBehavior cmdBehavior, RunBehavior runBehavior, Boolean returnStream, Boolean async, Int32 timeout, Task& task, Boolean asyncWrite, SqlDataReader ds, Boolean describeParameterEncryptionRequest)
   在 System.Data.SqlClient.SqlCommand.RunExecuteReader(CommandBehavior cmdBehavior, RunBehavior runBehavior, Boolean returnStream, String method, TaskCompletionSource`1 completion, Int32 timeout, Task& task, Boolean asyncWrite)
   在 System.Data.SqlClient.SqlCommand.RunExecuteReader(CommandBehavior cmdBehavior, RunBehavior runBehavior, Boolean returnStream, String method)
   在 System.Data.SqlClient.SqlCommand.ExecuteReader(CommandBehavior behavior, String method)
   在 System.Data.SqlClient.SqlCommand.ExecuteReader(CommandBehavior behavior)
   在 HotCoreUtils.DB.DbHelperSQLP.ExecuteReader(String connectionString, CommandType cmdType, String cmdText, SqlParameter[] commandParameters)
   在 Logic.DAL.AbstractDAL.getPageData[T](Int32 PageSize, Int32 PageIndex, String strSql, String orderbyField, Action`1 callback, Boolean orderby) 位置 J:\HOT\CODE\youbang\Logic\DAL\AbstractDAL.cs:行号 230
   在 Logic.DAL.UserDAL.GetAppCashCouponList(SearchModel model) 位置 J:\HOT\CODE\youbang\Logic\DAL\UserDAL.cs:行号 169
   在 Logic.UserLogic.GetAppCashCouponList(SearchModel model) 位置 J:\HOT\CODE\youbang\Logic\UserLogic.cs:行号 305
   在 msite.handler.AjaxHandler.CouponList() 位置 J:\HOT\CODE\youbang\msite\handler\AjaxHandler.ashx.cs:行号 81
   在 msite.handler.AjaxHandler.DoRequest(HttpContext context) 位置 J:\HOT\CODE\youbang\msite\handler\AjaxHandler.ashx.cs:行号 58 Message:选择列表中的列 'CouponList.CreateTime' 无效，因为该列没有包含在聚合函数或 GROUP BY 子句中。
选择列表中的列 'CouponList.CreateTime' 无效，因为该列没有包含在聚合函数或 GROUP BY 子句中。
2016/12/15 20:09:24,661 ERROR action:CouponList StackTrace:   在 System.Data.SqlClient.SqlConnection.OnError(SqlException exception, Boolean breakConnection, Action`1 wrapCloseInAction)
   在 System.Data.SqlClient.SqlInternalConnection.OnError(SqlException exception, Boolean breakConnection, Action`1 wrapCloseInAction)
   在 System.Data.SqlClient.TdsParser.ThrowExceptionAndWarning(TdsParserStateObject stateObj, Boolean callerHasConnectionLock, Boolean asyncClose)
   在 System.Data.SqlClient.TdsParser.TryRun(RunBehavior runBehavior, SqlCommand cmdHandler, SqlDataReader dataStream, BulkCopySimpleResultSet bulkCopyHandler, TdsParserStateObject stateObj, Boolean& dataReady)
   在 System.Data.SqlClient.SqlDataReader.TryConsumeMetaData()
   在 System.Data.SqlClient.SqlDataReader.get_MetaData()
   在 System.Data.SqlClient.SqlCommand.FinishExecuteReader(SqlDataReader ds, RunBehavior runBehavior, String resetOptionsString)
   在 System.Data.SqlClient.SqlCommand.RunExecuteReaderTds(CommandBehavior cmdBehavior, RunBehavior runBehavior, Boolean returnStream, Boolean async, Int32 timeout, Task& task, Boolean asyncWrite, SqlDataReader ds, Boolean describeParameterEncryptionRequest)
   在 System.Data.SqlClient.SqlCommand.RunExecuteReader(CommandBehavior cmdBehavior, RunBehavior runBehavior, Boolean returnStream, String method, TaskCompletionSource`1 completion, Int32 timeout, Task& task, Boolean asyncWrite)
   在 System.Data.SqlClient.SqlCommand.RunExecuteReader(CommandBehavior cmdBehavior, RunBehavior runBehavior, Boolean returnStream, String method)
   在 System.Data.SqlClient.SqlCommand.ExecuteReader(CommandBehavior behavior, String method)
   在 System.Data.SqlClient.SqlCommand.ExecuteReader(CommandBehavior behavior)
   在 HotCoreUtils.DB.DbHelperSQLP.ExecuteReader(String connectionString, CommandType cmdType, String cmdText, SqlParameter[] commandParameters)
   在 Logic.DAL.AbstractDAL.getPageData[T](Int32 PageSize, Int32 PageIndex, String strSql, String orderbyField, Action`1 callback, Boolean orderby) 位置 J:\HOT\CODE\youbang\Logic\DAL\AbstractDAL.cs:行号 230
   在 Logic.DAL.UserDAL.GetAppCashCouponList(SearchModel model) 位置 J:\HOT\CODE\youbang\Logic\DAL\UserDAL.cs:行号 169
   在 Logic.UserLogic.GetAppCashCouponList(SearchModel model) 位置 J:\HOT\CODE\youbang\Logic\UserLogic.cs:行号 305
   在 msite.handler.AjaxHandler.CouponList() 位置 J:\HOT\CODE\youbang\msite\handler\AjaxHandler.ashx.cs:行号 81
   在 msite.handler.AjaxHandler.DoRequest(HttpContext context) 位置 J:\HOT\CODE\youbang\msite\handler\AjaxHandler.ashx.cs:行号 58 Message:选择列表中的列 'CouponList.CreateTime' 无效，因为该列没有包含在聚合函数或 GROUP BY 子句中。
选择列表中的列 'CouponList.CreateTime' 无效，因为该列没有包含在聚合函数或 GROUP BY 子句中。
2016/12/15 20:09:29,493 ERROR action:CouponList StackTrace:   在 System.Data.SqlClient.SqlConnection.OnError(SqlException exception, Boolean breakConnection, Action`1 wrapCloseInAction)
   在 System.Data.SqlClient.SqlInternalConnection.OnError(SqlException exception, Boolean breakConnection, Action`1 wrapCloseInAction)
   在 System.Data.SqlClient.TdsParser.ThrowExceptionAndWarning(TdsParserStateObject stateObj, Boolean callerHasConnectionLock, Boolean asyncClose)
   在 System.Data.SqlClient.TdsParser.TryRun(RunBehavior runBehavior, SqlCommand cmdHandler, SqlDataReader dataStream, BulkCopySimpleResultSet bulkCopyHandler, TdsParserStateObject stateObj, Boolean& dataReady)
   在 System.Data.SqlClient.SqlDataReader.TryConsumeMetaData()
   在 System.Data.SqlClient.SqlDataReader.get_MetaData()
   在 System.Data.SqlClient.SqlCommand.FinishExecuteReader(SqlDataReader ds, RunBehavior runBehavior, String resetOptionsString)
   在 System.Data.SqlClient.SqlCommand.RunExecuteReaderTds(CommandBehavior cmdBehavior, RunBehavior runBehavior, Boolean returnStream, Boolean async, Int32 timeout, Task& task, Boolean asyncWrite, SqlDataReader ds, Boolean describeParameterEncryptionRequest)
   在 System.Data.SqlClient.SqlCommand.RunExecuteReader(CommandBehavior cmdBehavior, RunBehavior runBehavior, Boolean returnStream, String method, TaskCompletionSource`1 completion, Int32 timeout, Task& task, Boolean asyncWrite)
   在 System.Data.SqlClient.SqlCommand.RunExecuteReader(CommandBehavior cmdBehavior, RunBehavior runBehavior, Boolean returnStream, String method)
   在 System.Data.SqlClient.SqlCommand.ExecuteReader(CommandBehavior behavior, String method)
   在 System.Data.SqlClient.SqlCommand.ExecuteReader(CommandBehavior behavior)
   在 HotCoreUtils.DB.DbHelperSQLP.ExecuteReader(String connectionString, CommandType cmdType, String cmdText, SqlParameter[] commandParameters)
   在 Logic.DAL.AbstractDAL.getPageData[T](Int32 PageSize, Int32 PageIndex, String strSql, String orderbyField, Action`1 callback, Boolean orderby) 位置 J:\HOT\CODE\youbang\Logic\DAL\AbstractDAL.cs:行号 230
   在 Logic.DAL.UserDAL.GetAppCashCouponList(SearchModel model) 位置 J:\HOT\CODE\youbang\Logic\DAL\UserDAL.cs:行号 169
   在 Logic.UserLogic.GetAppCashCouponList(SearchModel model) 位置 J:\HOT\CODE\youbang\Logic\UserLogic.cs:行号 305
   在 msite.handler.AjaxHandler.CouponList() 位置 J:\HOT\CODE\youbang\msite\handler\AjaxHandler.ashx.cs:行号 81
   在 msite.handler.AjaxHandler.DoRequest(HttpContext context) 位置 J:\HOT\CODE\youbang\msite\handler\AjaxHandler.ashx.cs:行号 58 Message:选择列表中的列 'CouponList.CreateTime' 无效，因为该列没有包含在聚合函数或 GROUP BY 子句中。
选择列表中的列 'CouponList.CreateTime' 无效，因为该列没有包含在聚合函数或 GROUP BY 子句中。
2016/12/15 20:09:30,188 ERROR action:CouponList StackTrace:   在 System.Data.SqlClient.SqlConnection.OnError(SqlException exception, Boolean breakConnection, Action`1 wrapCloseInAction)
   在 System.Data.SqlClient.SqlInternalConnection.OnError(SqlException exception, Boolean breakConnection, Action`1 wrapCloseInAction)
   在 System.Data.SqlClient.TdsParser.ThrowExceptionAndWarning(TdsParserStateObject stateObj, Boolean callerHasConnectionLock, Boolean asyncClose)
   在 System.Data.SqlClient.TdsParser.TryRun(RunBehavior runBehavior, SqlCommand cmdHandler, SqlDataReader dataStream, BulkCopySimpleResultSet bulkCopyHandler, TdsParserStateObject stateObj, Boolean& dataReady)
   在 System.Data.SqlClient.SqlDataReader.TryConsumeMetaData()
   在 System.Data.SqlClient.SqlDataReader.get_MetaData()
   在 System.Data.SqlClient.SqlCommand.FinishExecuteReader(SqlDataReader ds, RunBehavior runBehavior, String resetOptionsString)
   在 System.Data.SqlClient.SqlCommand.RunExecuteReaderTds(CommandBehavior cmdBehavior, RunBehavior runBehavior, Boolean returnStream, Boolean async, Int32 timeout, Task& task, Boolean asyncWrite, SqlDataReader ds, Boolean describeParameterEncryptionRequest)
   在 System.Data.SqlClient.SqlCommand.RunExecuteReader(CommandBehavior cmdBehavior, RunBehavior runBehavior, Boolean returnStream, String method, TaskCompletionSource`1 completion, Int32 timeout, Task& task, Boolean asyncWrite)
   在 System.Data.SqlClient.SqlCommand.RunExecuteReader(CommandBehavior cmdBehavior, RunBehavior runBehavior, Boolean returnStream, String method)
   在 System.Data.SqlClient.SqlCommand.ExecuteReader(CommandBehavior behavior, String method)
   在 System.Data.SqlClient.SqlCommand.ExecuteReader(CommandBehavior behavior)
   在 HotCoreUtils.DB.DbHelperSQLP.ExecuteReader(String connectionString, CommandType cmdType, String cmdText, SqlParameter[] commandParameters)
   在 Logic.DAL.AbstractDAL.getPageData[T](Int32 PageSize, Int32 PageIndex, String strSql, String orderbyField, Action`1 callback, Boolean orderby) 位置 J:\HOT\CODE\youbang\Logic\DAL\AbstractDAL.cs:行号 230
   在 Logic.DAL.UserDAL.GetAppCashCouponList(SearchModel model) 位置 J:\HOT\CODE\youbang\Logic\DAL\UserDAL.cs:行号 169
   在 Logic.UserLogic.GetAppCashCouponList(SearchModel model) 位置 J:\HOT\CODE\youbang\Logic\UserLogic.cs:行号 305
   在 msite.handler.AjaxHandler.CouponList() 位置 J:\HOT\CODE\youbang\msite\handler\AjaxHandler.ashx.cs:行号 81
   在 msite.handler.AjaxHandler.DoRequest(HttpContext context) 位置 J:\HOT\CODE\youbang\msite\handler\AjaxHandler.ashx.cs:行号 58 Message:选择列表中的列 'CouponList.CreateTime' 无效，因为该列没有包含在聚合函数或 GROUP BY 子句中。
选择列表中的列 'CouponList.CreateTime' 无效，因为该列没有包含在聚合函数或 GROUP BY 子句中。
2016/12/15 20:10:14,412 ERROR action:CouponList StackTrace:   在 System.Data.SqlClient.SqlConnection.OnError(SqlException exception, Boolean breakConnection, Action`1 wrapCloseInAction)
   在 System.Data.SqlClient.SqlInternalConnection.OnError(SqlException exception, Boolean breakConnection, Action`1 wrapCloseInAction)
   在 System.Data.SqlClient.TdsParser.ThrowExceptionAndWarning(TdsParserStateObject stateObj, Boolean callerHasConnectionLock, Boolean asyncClose)
   在 System.Data.SqlClient.TdsParser.TryRun(RunBehavior runBehavior, SqlCommand cmdHandler, SqlDataReader dataStream, BulkCopySimpleResultSet bulkCopyHandler, TdsParserStateObject stateObj, Boolean& dataReady)
   在 System.Data.SqlClient.SqlDataReader.TryConsumeMetaData()
   在 System.Data.SqlClient.SqlDataReader.get_MetaData()
   在 System.Data.SqlClient.SqlCommand.FinishExecuteReader(SqlDataReader ds, RunBehavior runBehavior, String resetOptionsString)
   在 System.Data.SqlClient.SqlCommand.RunExecuteReaderTds(CommandBehavior cmdBehavior, RunBehavior runBehavior, Boolean returnStream, Boolean async, Int32 timeout, Task& task, Boolean asyncWrite, SqlDataReader ds, Boolean describeParameterEncryptionRequest)
   在 System.Data.SqlClient.SqlCommand.RunExecuteReader(CommandBehavior cmdBehavior, RunBehavior runBehavior, Boolean returnStream, String method, TaskCompletionSource`1 completion, Int32 timeout, Task& task, Boolean asyncWrite)
   在 System.Data.SqlClient.SqlCommand.RunExecuteReader(CommandBehavior cmdBehavior, RunBehavior runBehavior, Boolean returnStream, String method)
   在 System.Data.SqlClient.SqlCommand.ExecuteReader(CommandBehavior behavior, String method)
   在 System.Data.SqlClient.SqlCommand.ExecuteReader(CommandBehavior behavior)
   在 HotCoreUtils.DB.DbHelperSQLP.ExecuteReader(String connectionString, CommandType cmdType, String cmdText, SqlParameter[] commandParameters)
   在 Logic.DAL.AbstractDAL.getPageData[T](Int32 PageSize, Int32 PageIndex, String strSql, String orderbyField, Action`1 callback, Boolean orderby) 位置 J:\HOT\CODE\youbang\Logic\DAL\AbstractDAL.cs:行号 230
   在 Logic.DAL.UserDAL.GetAppCashCouponList(SearchModel model) 位置 J:\HOT\CODE\youbang\Logic\DAL\UserDAL.cs:行号 169
   在 Logic.UserLogic.GetAppCashCouponList(SearchModel model) 位置 J:\HOT\CODE\youbang\Logic\UserLogic.cs:行号 305
   在 msite.handler.AjaxHandler.CouponList() 位置 J:\HOT\CODE\youbang\msite\handler\AjaxHandler.ashx.cs:行号 81
   在 msite.handler.AjaxHandler.DoRequest(HttpContext context) 位置 J:\HOT\CODE\youbang\msite\handler\AjaxHandler.ashx.cs:行号 58 Message:选择列表中的列 'CouponList.CreateTime' 无效，因为该列没有包含在聚合函数或 GROUP BY 子句中。
选择列表中的列 'CouponList.CreateTime' 无效，因为该列没有包含在聚合函数或 GROUP BY 子句中。
2016/12/15 20:10:17,543 ERROR action:CouponList StackTrace:   在 System.Data.SqlClient.SqlConnection.OnError(SqlException exception, Boolean breakConnection, Action`1 wrapCloseInAction)
   在 System.Data.SqlClient.SqlInternalConnection.OnError(SqlException exception, Boolean breakConnection, Action`1 wrapCloseInAction)
   在 System.Data.SqlClient.TdsParser.ThrowExceptionAndWarning(TdsParserStateObject stateObj, Boolean callerHasConnectionLock, Boolean asyncClose)
   在 System.Data.SqlClient.TdsParser.TryRun(RunBehavior runBehavior, SqlCommand cmdHandler, SqlDataReader dataStream, BulkCopySimpleResultSet bulkCopyHandler, TdsParserStateObject stateObj, Boolean& dataReady)
   在 System.Data.SqlClient.SqlDataReader.TryConsumeMetaData()
   在 System.Data.SqlClient.SqlDataReader.get_MetaData()
   在 System.Data.SqlClient.SqlCommand.FinishExecuteReader(SqlDataReader ds, RunBehavior runBehavior, String resetOptionsString)
   在 System.Data.SqlClient.SqlCommand.RunExecuteReaderTds(CommandBehavior cmdBehavior, RunBehavior runBehavior, Boolean returnStream, Boolean async, Int32 timeout, Task& task, Boolean asyncWrite, SqlDataReader ds, Boolean describeParameterEncryptionRequest)
   在 System.Data.SqlClient.SqlCommand.RunExecuteReader(CommandBehavior cmdBehavior, RunBehavior runBehavior, Boolean returnStream, String method, TaskCompletionSource`1 completion, Int32 timeout, Task& task, Boolean asyncWrite)
   在 System.Data.SqlClient.SqlCommand.RunExecuteReader(CommandBehavior cmdBehavior, RunBehavior runBehavior, Boolean returnStream, String method)
   在 System.Data.SqlClient.SqlCommand.ExecuteReader(CommandBehavior behavior, String method)
   在 System.Data.SqlClient.SqlCommand.ExecuteReader(CommandBehavior behavior)
   在 HotCoreUtils.DB.DbHelperSQLP.ExecuteReader(String connectionString, CommandType cmdType, String cmdText, SqlParameter[] commandParameters)
   在 Logic.DAL.AbstractDAL.getPageData[T](Int32 PageSize, Int32 PageIndex, String strSql, String orderbyField, Action`1 callback, Boolean orderby) 位置 J:\HOT\CODE\youbang\Logic\DAL\AbstractDAL.cs:行号 230
   在 Logic.DAL.UserDAL.GetAppCashCouponList(SearchModel model) 位置 J:\HOT\CODE\youbang\Logic\DAL\UserDAL.cs:行号 169
   在 Logic.UserLogic.GetAppCashCouponList(SearchModel model) 位置 J:\HOT\CODE\youbang\Logic\UserLogic.cs:行号 305
   在 msite.handler.AjaxHandler.CouponList() 位置 J:\HOT\CODE\youbang\msite\handler\AjaxHandler.ashx.cs:行号 81
   在 msite.handler.AjaxHandler.DoRequest(HttpContext context) 位置 J:\HOT\CODE\youbang\msite\handler\AjaxHandler.ashx.cs:行号 58 Message:选择列表中的列 'CouponList.CreateTime' 无效，因为该列没有包含在聚合函数或 GROUP BY 子句中。
选择列表中的列 'CouponList.CreateTime' 无效，因为该列没有包含在聚合函数或 GROUP BY 子句中。
2016/12/15 20:10:21,530 ERROR action:CouponList StackTrace:   在 System.Data.SqlClient.SqlConnection.OnError(SqlException exception, Boolean breakConnection, Action`1 wrapCloseInAction)
   在 System.Data.SqlClient.SqlInternalConnection.OnError(SqlException exception, Boolean breakConnection, Action`1 wrapCloseInAction)
   在 System.Data.SqlClient.TdsParser.ThrowExceptionAndWarning(TdsParserStateObject stateObj, Boolean callerHasConnectionLock, Boolean asyncClose)
   在 System.Data.SqlClient.TdsParser.TryRun(RunBehavior runBehavior, SqlCommand cmdHandler, SqlDataReader dataStream, BulkCopySimpleResultSet bulkCopyHandler, TdsParserStateObject stateObj, Boolean& dataReady)
   在 System.Data.SqlClient.SqlDataReader.TryConsumeMetaData()
   在 System.Data.SqlClient.SqlDataReader.get_MetaData()
   在 System.Data.SqlClient.SqlCommand.FinishExecuteReader(SqlDataReader ds, RunBehavior runBehavior, String resetOptionsString)
   在 System.Data.SqlClient.SqlCommand.RunExecuteReaderTds(CommandBehavior cmdBehavior, RunBehavior runBehavior, Boolean returnStream, Boolean async, Int32 timeout, Task& task, Boolean asyncWrite, SqlDataReader ds, Boolean describeParameterEncryptionRequest)
   在 System.Data.SqlClient.SqlCommand.RunExecuteReader(CommandBehavior cmdBehavior, RunBehavior runBehavior, Boolean returnStream, String method, TaskCompletionSource`1 completion, Int32 timeout, Task& task, Boolean asyncWrite)
   在 System.Data.SqlClient.SqlCommand.RunExecuteReader(CommandBehavior cmdBehavior, RunBehavior runBehavior, Boolean returnStream, String method)
   在 System.Data.SqlClient.SqlCommand.ExecuteReader(CommandBehavior behavior, String method)
   在 System.Data.SqlClient.SqlCommand.ExecuteReader(CommandBehavior behavior)
   在 HotCoreUtils.DB.DbHelperSQLP.ExecuteReader(String connectionString, CommandType cmdType, String cmdText, SqlParameter[] commandParameters)
   在 Logic.DAL.AbstractDAL.getPageData[T](Int32 PageSize, Int32 PageIndex, String strSql, String orderbyField, Action`1 callback, Boolean orderby) 位置 J:\HOT\CODE\youbang\Logic\DAL\AbstractDAL.cs:行号 230
   在 Logic.DAL.UserDAL.GetAppCashCouponList(SearchModel model) 位置 J:\HOT\CODE\youbang\Logic\DAL\UserDAL.cs:行号 169
   在 Logic.UserLogic.GetAppCashCouponList(SearchModel model) 位置 J:\HOT\CODE\youbang\Logic\UserLogic.cs:行号 305
   在 msite.handler.AjaxHandler.CouponList() 位置 J:\HOT\CODE\youbang\msite\handler\AjaxHandler.ashx.cs:行号 81
   在 msite.handler.AjaxHandler.DoRequest(HttpContext context) 位置 J:\HOT\CODE\youbang\msite\handler\AjaxHandler.ashx.cs:行号 58 Message:选择列表中的列 'CouponList.CreateTime' 无效，因为该列没有包含在聚合函数或 GROUP BY 子句中。
选择列表中的列 'CouponList.CreateTime' 无效，因为该列没有包含在聚合函数或 GROUP BY 子句中。
